{"name": "test_order_number_in_work", "status": "failed", "statusDetails": {"message": "AssertionError: assert '052745' == 'Все текущие заказы готовы!'\n  - Все текущие заказы готовы!\n  + 052745", "trace": "self = <tests.list_orders_tests.Tests object at 0x1046ed850>, browser = <selenium.webdriver.chrome.webdriver.WebDriver (session=\"6ea1b29742aedd243be31a7c2ef6eb2c\")>\n\n    @allure_decorator(\"Тест проверки изменения количества всех заказов\")\n    def test_order_number_in_work(self, browser):\n        page = ListOrdersMethods(browser)\n        page.open_page(MAIN_URL)\n        page.click_on_element_personal_cabinet()\n        email, password, name = OtherMethods.generation_data()\n        OtherMethods.create_user(AUTH_REGISTER_ENDPOINT, email, password, name)\n        page.send_text_auth_email(email)\n        page.send_text_auth_password(password)\n        page.click_on_element_input()\n        page.drag_and_drop_ingredient()\n        page.click_on_create_order()\n        page.click_on_close_order()\n        page.click_on_element_personal_cabinet()\n        page.click_on_history_orders()\n        page.click_on_element_personal_cabinet()\n        page.click_on_history_orders()\n        order_in_history_orders = page.get_text_number_order()\n        page.click_on_list_orders()\n        order_in_work = page.get_text_work_order()\n    \n>       assert order_in_history_orders == order_in_work\nE       AssertionError: assert '052745' == 'Все текущие заказы готовы!'\nE         - Все текущие заказы готовы!\nE         + 052745\n\ntests/list_orders_tests.py:105: AssertionError"}, "steps": [{"name": "Тест проверки изменения количества всех заказов", "status": "failed", "statusDetails": {"message": "AssertionError: assert '052745' == 'Все текущие заказы готовы!'\n  - Все текущие заказы готовы!\n  + 052745\n", "trace": "  File \"/Users/busu/PycharmProjects/DiplomWeb/utils/allure_decorator.py\", line 10, in wrapper\n    return func(*args, **kwargs)\n           ^^^^^^^^^^^^^^^^^^^^^\n  File \"/Users/busu/PycharmProjects/DiplomWeb/tests/list_orders_tests.py\", line 105, in test_order_number_in_work\n    assert order_in_history_orders == order_in_work\n"}, "steps": [{"name": "Открываем страницу", "status": "passed", "start": 1713126862407, "stop": 1713126863457}, {"name": "Нажимаем на текст-кнопку личный кабинет", "status": "passed", "start": 1713126863457, "stop": 1713126863502}, {"name": "Метод по созданию пользователя", "status": "passed", "start": 1713126863502, "stop": 1713126863778}, {"name": "Ввод значения в поле ввода email на экране авторизации", "status": "passed", "start": 1713126863778, "stop": 1713126863867}, {"name": "Ввод значения в поле ввода password на экране авторизации", "status": "passed", "start": 1713126863867, "stop": 1713126863907}, {"name": "Нажатие на кнопку Войти", "status": "passed", "start": 1713126863907, "stop": 1713126863940}, {"name": "Перемещение булки в конструктор", "status": "passed", "start": 1713126863940, "stop": 1713126864684}, {"name": "Нажатие на кнопку оформить заказ", "status": "passed", "start": 1713126864684, "stop": 1713126864721}, {"name": "Нажатие на кнопку закрыть", "status": "passed", "start": 1713126864721, "stop": 1713126866070}, {"name": "Нажимаем на текст-кнопку личный кабинет", "status": "passed", "start": 1713126866070, "stop": 1713126866333}, {"name": "Нажимаем на раздел История заказов", "status": "passed", "start": 1713126866333, "stop": 1713126866655}, {"name": "Нажимаем на текст-кнопку личный кабинет", "status": "passed", "start": 1713126866655, "stop": 1713126866690}, {"name": "Нажимаем на раздел История заказов", "status": "passed", "start": 1713126866690, "stop": 1713126866717}, {"name": "Получение номера заказа из раздела история заказов", "status": "passed", "start": 1713126866717, "stop": 1713126867019}, {"name": "Нажатие на раздел лента заказов", "status": "passed", "start": 1713126867019, "stop": 1713126867060}, {"name": "Получение заказов находящегося в работе", "status": "passed", "start": 1713126867060, "stop": 1713126867477}], "start": 1713126862407, "stop": 1713126867477}], "start": 1713126862407, "stop": 1713126867477, "uuid": "4eae678f-bb64-43b4-8bfe-9d1eb2ae1e3c", "historyId": "5d8098a6a36214a528cd33db972bf74a", "testCaseId": "5d8098a6a36214a528cd33db972bf74a", "fullName": "tests.list_orders_tests.Tests#test_order_number_in_work", "labels": [{"name": "parentSuite", "value": "tests"}, {"name": "suite", "value": "list_orders_tests"}, {"name": "subSuite", "value": "Tests"}, {"name": "host", "value": "Busu.local"}, {"name": "thread", "value": "31309-MainThread"}, {"name": "framework", "value": "pytest"}, {"name": "language", "value": "cpython3"}, {"name": "package", "value": "tests.list_orders_tests"}]}