{"name": "test_click_orders_history[firefox]", "status": "broken", "statusDetails": {"message": "selenium.common.exceptions.ElementClickInterceptedException: Message: Element <a class=\"AppHeader_header__link__3D_hX\" href=\"/account\"> is not clickable at point (1400,44) because another element <div class=\"Modal_modal_overlay__x2ZCr\"> obscures it\nStacktrace:\nRemoteError@chrome://remote/content/shared/RemoteError.sys.mjs:8:8\nWebDriverError@chrome://remote/content/shared/webdriver/Errors.sys.mjs:192:5\nElementClickInterceptedError@chrome://remote/content/shared/webdriver/Errors.sys.mjs:336:5\nwebdriverClickElement@chrome://remote/content/marionette/interaction.sys.mjs:176:11\ninteraction.clickElement@chrome://remote/content/marionette/interaction.sys.mjs:135:11\nclickElement@chrome://remote/content/marionette/actors/MarionetteCommandsChild.sys.mjs:204:29\nreceiveMessage@chrome://remote/content/marionette/actors/MarionetteCommandsChild.sys.mjs:84:31", "trace": "self = <tests.personal_cabinet_tests.TestsPersonalCabinet object at 0x1031bd970>\nbrowser = <selenium.webdriver.firefox.webdriver.WebDriver (session=\"31f1093f-8628-45e1-9c52-b3fbb5cdeb57\")>\n\n    @allure_decorator(\"Тест перехода на страницу история заказов\")\n    def test_click_orders_history(self, browser):\n        pc = PersonalCabinetPage(browser)\n        pc.open_page(MAIN_URL)\n        pc.click_on_personal_cabinet()\n        email, password, name = OtherMethods.generation_data()\n        OtherMethods.create_user(AUTH_REGISTER_ENDPOINT, email, password, name)\n        pc.send_text_auth_email(email)\n        pc.send_text_auth_password(password)\n        pc.click_on_input()\n>       pc.click_on_personal_cabinet()\n\ntests/personal_cabinet_tests.py:28: \n_ _ _ _ _ _ _ _ _ _ _ _ _ _ _ _ _ _ _ _ _ _ _ _ _ _ _ _ _ _ _ _ _ _ _ _ _ _ _ _ _ _ _ _ _ _ _ _ _ _ _ _ _ _ _ _ _ _ _ _ _ _ _ _ _ _ _ _ _ _ _ _ _ _ _ _ _ _ _ _ _ _ \nutils/allure_decorator.py:10: in wrapper\n    return func(*args, **kwargs)\npages/personal_cabinet_page.py:10: in click_on_personal_cabinet\n    self.click_on_element(element)\npages/base_page.py:21: in click_on_element\n    locator.click()\n/Library/Frameworks/Python.framework/Versions/3.12/lib/python3.12/site-packages/selenium/webdriver/remote/webelement.py:93: in click\n    self._execute(Command.CLICK_ELEMENT)\n/Library/Frameworks/Python.framework/Versions/3.12/lib/python3.12/site-packages/selenium/webdriver/remote/webelement.py:394: in _execute\n    return self._parent.execute(command, params)\n/Library/Frameworks/Python.framework/Versions/3.12/lib/python3.12/site-packages/selenium/webdriver/remote/webdriver.py:347: in execute\n    self.error_handler.check_response(response)\n_ _ _ _ _ _ _ _ _ _ _ _ _ _ _ _ _ _ _ _ _ _ _ _ _ _ _ _ _ _ _ _ _ _ _ _ _ _ _ _ _ _ _ _ _ _ _ _ _ _ _ _ _ _ _ _ _ _ _ _ _ _ _ _ _ _ _ _ _ _ _ _ _ _ _ _ _ _ _ _ _ _ \n\nself = <selenium.webdriver.remote.errorhandler.ErrorHandler object at 0x1033b6090>\nresponse = {'status': 400, 'value': '{\"value\":{\"error\":\"element click intercepted\",\"message\":\"Element <a class=\\\\\"AppHeader_heade...sys.mjs:204:29\\\\nreceiveMessage@chrome://remote/content/marionette/actors/MarionetteCommandsChild.sys.mjs:84:31\\\\n\"}}'}\n\n    def check_response(self, response: Dict[str, Any]) -> None:\n        \"\"\"Checks that a JSON response from the WebDriver does not have an\n        error.\n    \n        :Args:\n         - response - The JSON response from the WebDriver server as a dictionary\n           object.\n    \n        :Raises: If the response contains an error message.\n        \"\"\"\n        status = response.get(\"status\", None)\n        if not status or status == ErrorCode.SUCCESS:\n            return\n        value = None\n        message = response.get(\"message\", \"\")\n        screen: str = response.get(\"screen\", \"\")\n        stacktrace = None\n        if isinstance(status, int):\n            value_json = response.get(\"value\", None)\n            if value_json and isinstance(value_json, str):\n                import json\n    \n                try:\n                    value = json.loads(value_json)\n                    if len(value) == 1:\n                        value = value[\"value\"]\n                    status = value.get(\"error\", None)\n                    if not status:\n                        status = value.get(\"status\", ErrorCode.UNKNOWN_ERROR)\n                        message = value.get(\"value\") or value.get(\"message\")\n                        if not isinstance(message, str):\n                            value = message\n                            message = message.get(\"message\")\n                    else:\n                        message = value.get(\"message\", None)\n                except ValueError:\n                    pass\n    \n        exception_class: Type[WebDriverException]\n        e = ErrorCode()\n        error_codes = [item for item in dir(e) if not item.startswith(\"__\")]\n        for error_code in error_codes:\n            error_info = getattr(ErrorCode, error_code)\n            if isinstance(error_info, list) and status in error_info:\n                exception_class = getattr(ExceptionMapping, error_code, WebDriverException)\n                break\n        else:\n            exception_class = WebDriverException\n    \n        if not value:\n            value = response[\"value\"]\n        if isinstance(value, str):\n            raise exception_class(value)\n        if message == \"\" and \"message\" in value:\n            message = value[\"message\"]\n    \n        screen = None  # type: ignore[assignment]\n        if \"screen\" in value:\n            screen = value[\"screen\"]\n    \n        stacktrace = None\n        st_value = value.get(\"stackTrace\") or value.get(\"stacktrace\")\n        if st_value:\n            if isinstance(st_value, str):\n                stacktrace = st_value.split(\"\\n\")\n            else:\n                stacktrace = []\n                try:\n                    for frame in st_value:\n                        line = frame.get(\"lineNumber\", \"\")\n                        file = frame.get(\"fileName\", \"<anonymous>\")\n                        if line:\n                            file = f\"{file}:{line}\"\n                        meth = frame.get(\"methodName\", \"<anonymous>\")\n                        if \"className\" in frame:\n                            meth = f\"{frame['className']}.{meth}\"\n                        msg = \"    at %s (%s)\"\n                        msg = msg % (meth, file)\n                        stacktrace.append(msg)\n                except TypeError:\n                    pass\n        if exception_class == UnexpectedAlertPresentException:\n            alert_text = None\n            if \"data\" in value:\n                alert_text = value[\"data\"].get(\"text\")\n            elif \"alert\" in value:\n                alert_text = value[\"alert\"].get(\"text\")\n            raise exception_class(message, screen, stacktrace, alert_text)  # type: ignore[call-arg]  # mypy is not smart enough here\n>       raise exception_class(message, screen, stacktrace)\nE       selenium.common.exceptions.ElementClickInterceptedException: Message: Element <a class=\"AppHeader_header__link__3D_hX\" href=\"/account\"> is not clickable at point (1400,44) because another element <div class=\"Modal_modal_overlay__x2ZCr\"> obscures it\nE       Stacktrace:\nE       RemoteError@chrome://remote/content/shared/RemoteError.sys.mjs:8:8\nE       WebDriverError@chrome://remote/content/shared/webdriver/Errors.sys.mjs:192:5\nE       ElementClickInterceptedError@chrome://remote/content/shared/webdriver/Errors.sys.mjs:336:5\nE       webdriverClickElement@chrome://remote/content/marionette/interaction.sys.mjs:176:11\nE       interaction.clickElement@chrome://remote/content/marionette/interaction.sys.mjs:135:11\nE       clickElement@chrome://remote/content/marionette/actors/MarionetteCommandsChild.sys.mjs:204:29\nE       receiveMessage@chrome://remote/content/marionette/actors/MarionetteCommandsChild.sys.mjs:84:31\n\n/Library/Frameworks/Python.framework/Versions/3.12/lib/python3.12/site-packages/selenium/webdriver/remote/errorhandler.py:229: ElementClickInterceptedException"}, "steps": [{"name": "Тест перехода на страницу история заказов", "status": "broken", "statusDetails": {"message": "selenium.common.exceptions.ElementClickInterceptedException: Message: Element <a class=\"AppHeader_header__link__3D_hX\" href=\"/account\"> is not clickable at point (1400,44) because another element <div class=\"Modal_modal_overlay__x2ZCr\"> obscures it\nStacktrace:\nRemoteError@chrome://remote/content/shared/RemoteError.sys.mjs:8:8\nWebDriverError@chrome://remote/content/shared/webdriver/Errors.sys.mjs:192:5\nElementClickInterceptedError@chrome://remote/content/shared/webdriver/Errors.sys.mjs:336:5\nwebdriverClickElement@chrome://remote/content/marionette/interaction.sys.mjs:176:11\ninteraction.clickElement@chrome://remote/content/marionette/interaction.sys.mjs:135:11\nclickElement@chrome://remote/content/marionette/actors/MarionetteCommandsChild.sys.mjs:204:29\nreceiveMessage@chrome://remote/content/marionette/actors/MarionetteCommandsChild.sys.mjs:84:31\n\n", "trace": "  File \"/Users/busu/Desktop/DiplomWeb/utils/allure_decorator.py\", line 10, in wrapper\n    return func(*args, **kwargs)\n           ^^^^^^^^^^^^^^^^^^^^^\n  File \"/Users/busu/Desktop/DiplomWeb/tests/personal_cabinet_tests.py\", line 28, in test_click_orders_history\n    pc.click_on_personal_cabinet()\n  File \"/Users/busu/Desktop/DiplomWeb/utils/allure_decorator.py\", line 10, in wrapper\n    return func(*args, **kwargs)\n           ^^^^^^^^^^^^^^^^^^^^^\n  File \"/Users/busu/Desktop/DiplomWeb/pages/personal_cabinet_page.py\", line 10, in click_on_personal_cabinet\n    self.click_on_element(element)\n  File \"/Users/busu/Desktop/DiplomWeb/pages/base_page.py\", line 21, in click_on_element\n    locator.click()\n  File \"/Library/Frameworks/Python.framework/Versions/3.12/lib/python3.12/site-packages/selenium/webdriver/remote/webelement.py\", line 93, in click\n    self._execute(Command.CLICK_ELEMENT)\n  File \"/Library/Frameworks/Python.framework/Versions/3.12/lib/python3.12/site-packages/selenium/webdriver/remote/webelement.py\", line 394, in _execute\n    return self._parent.execute(command, params)\n           ^^^^^^^^^^^^^^^^^^^^^^^^^^^^^^^^^^^^^\n  File \"/Library/Frameworks/Python.framework/Versions/3.12/lib/python3.12/site-packages/selenium/webdriver/remote/webdriver.py\", line 347, in execute\n    self.error_handler.check_response(response)\n  File \"/Library/Frameworks/Python.framework/Versions/3.12/lib/python3.12/site-packages/selenium/webdriver/remote/errorhandler.py\", line 229, in check_response\n    raise exception_class(message, screen, stacktrace)\n"}, "steps": [{"name": "Нажимаем на текст-кнопку личный кабинет", "status": "passed", "start": 1713698497719, "stop": 1713698497960}, {"name": "Метод по созданию пользователя", "status": "passed", "start": 1713698497960, "stop": 1713698498201}, {"name": "Ввод значения в поле ввода email на экране авторизации", "status": "passed", "start": 1713698498202, "stop": 1713698498251}, {"name": "Ввод значения в поле ввода password на экране авторизации", "status": "passed", "start": 1713698498251, "stop": 1713698498267}, {"name": "Нажатие на кнопку Войти", "status": "passed", "start": 1713698498267, "stop": 1713698498483}, {"name": "Нажимаем на текст-кнопку личный кабинет", "status": "broken", "statusDetails": {"message": "selenium.common.exceptions.ElementClickInterceptedException: Message: Element <a class=\"AppHeader_header__link__3D_hX\" href=\"/account\"> is not clickable at point (1400,44) because another element <div class=\"Modal_modal_overlay__x2ZCr\"> obscures it\nStacktrace:\nRemoteError@chrome://remote/content/shared/RemoteError.sys.mjs:8:8\nWebDriverError@chrome://remote/content/shared/webdriver/Errors.sys.mjs:192:5\nElementClickInterceptedError@chrome://remote/content/shared/webdriver/Errors.sys.mjs:336:5\nwebdriverClickElement@chrome://remote/content/marionette/interaction.sys.mjs:176:11\ninteraction.clickElement@chrome://remote/content/marionette/interaction.sys.mjs:135:11\nclickElement@chrome://remote/content/marionette/actors/MarionetteCommandsChild.sys.mjs:204:29\nreceiveMessage@chrome://remote/content/marionette/actors/MarionetteCommandsChild.sys.mjs:84:31\n\n", "trace": "  File \"/Users/busu/Desktop/DiplomWeb/utils/allure_decorator.py\", line 10, in wrapper\n    return func(*args, **kwargs)\n           ^^^^^^^^^^^^^^^^^^^^^\n  File \"/Users/busu/Desktop/DiplomWeb/pages/personal_cabinet_page.py\", line 10, in click_on_personal_cabinet\n    self.click_on_element(element)\n  File \"/Users/busu/Desktop/DiplomWeb/pages/base_page.py\", line 21, in click_on_element\n    locator.click()\n  File \"/Library/Frameworks/Python.framework/Versions/3.12/lib/python3.12/site-packages/selenium/webdriver/remote/webelement.py\", line 93, in click\n    self._execute(Command.CLICK_ELEMENT)\n  File \"/Library/Frameworks/Python.framework/Versions/3.12/lib/python3.12/site-packages/selenium/webdriver/remote/webelement.py\", line 394, in _execute\n    return self._parent.execute(command, params)\n           ^^^^^^^^^^^^^^^^^^^^^^^^^^^^^^^^^^^^^\n  File \"/Library/Frameworks/Python.framework/Versions/3.12/lib/python3.12/site-packages/selenium/webdriver/remote/webdriver.py\", line 347, in execute\n    self.error_handler.check_response(response)\n  File \"/Library/Frameworks/Python.framework/Versions/3.12/lib/python3.12/site-packages/selenium/webdriver/remote/errorhandler.py\", line 229, in check_response\n    raise exception_class(message, screen, stacktrace)\n"}, "start": 1713698498483, "stop": 1713698498493}], "start": 1713698496664, "stop": 1713698498494}], "parameters": [{"name": "browser", "value": "'firefox'"}], "start": 1713698496664, "stop": 1713698498495, "uuid": "7a27aa95-19be-4152-9272-8d69689f0cf1", "historyId": "d028e7f32db1cb29c945acbf39af4889", "testCaseId": "d583d411ed821856daeda4b88fd67ed7", "fullName": "tests.personal_cabinet_tests.TestsPersonalCabinet#test_click_orders_history", "labels": [{"name": "parentSuite", "value": "tests"}, {"name": "suite", "value": "personal_cabinet_tests"}, {"name": "subSuite", "value": "TestsPersonalCabinet"}, {"name": "host", "value": "Busu.local"}, {"name": "thread", "value": "18733-MainThread"}, {"name": "framework", "value": "pytest"}, {"name": "language", "value": "cpython3"}, {"name": "package", "value": "tests.personal_cabinet_tests"}]}