{"name": "test_move_ingredient[firefox]", "status": "failed", "statusDetails": {"message": "AssertionError: assert 0.0 == 1976", "trace": "self = <tests.create_order_tests.TestsCreateOrder object at 0x10280e000>\nbrowser = <selenium.webdriver.firefox.webdriver.WebDriver (session=\"fec482b8-7595-4010-8eef-18aca72108f8\")>\n\n    @allure_decorator(\"Тест переноса ингридиента в конструктор заказа и изменение цены в счетчике\")\n    def test_move_ingredient(self, browser):\n        cr = ConstructorPage(browser)\n    \n        cr.open_page(MAIN_URL)\n        cr.drag_and_drop_ingredient()\n        new_price = cr.get_burger_price()\n    \n>       assert new_price == PRICE_ORDER\nE       assert 0.0 == 1976\n\ntests/create_order_tests.py:62: AssertionError"}, "steps": [{"name": "Тест переноса ингридиента в конструктор заказа и изменение цены в счетчике", "status": "failed", "statusDetails": {"message": "AssertionError: assert 0.0 == 1976\n", "trace": "  File \"/Users/busu/Desktop/DiplomWeb/utils/allure_decorator.py\", line 10, in wrapper\n    return func(*args, **kwargs)\n           ^^^^^^^^^^^^^^^^^^^^^\n  File \"/Users/busu/Desktop/DiplomWeb/tests/create_order_tests.py\", line 62, in test_move_ingredient\n    assert new_price == PRICE_ORDER\n"}, "steps": [{"name": "Перемещение булки в конструктор", "status": "passed", "start": 1713698458625, "stop": 1713698459725}, {"name": "Получение стоимости заказа в конструкторе", "status": "passed", "start": 1713698459725, "stop": 1713698459742}], "start": 1713698457951, "stop": 1713698459742}], "parameters": [{"name": "browser", "value": "'firefox'"}], "start": 1713698457951, "stop": 1713698459743, "uuid": "63858835-d8a2-43ee-9f95-f8d192100895", "historyId": "51a56569605daa7c6e80f1362c6b3b6f", "testCaseId": "d549601d4869dcd9c62e86371131c58e", "fullName": "tests.create_order_tests.TestsCreateOrder#test_move_ingredient", "labels": [{"name": "parentSuite", "value": "tests"}, {"name": "suite", "value": "create_order_tests"}, {"name": "subSuite", "value": "TestsCreateOrder"}, {"name": "host", "value": "Busu.local"}, {"name": "thread", "value": "18226-MainThread"}, {"name": "framework", "value": "pytest"}, {"name": "language", "value": "cpython3"}, {"name": "package", "value": "tests.create_order_tests"}]}