{"name": "test_count_all_orders_in_list_orders", "status": "broken", "statusDetails": {"message": "selenium.common.exceptions.ElementClickInterceptedException: Message: element click intercepted: Element <svg xmlns=\"http://www.w3.org/2000/svg\" width=\"24\" height=\"24\" viewBox=\"0 0 24 24\" fill=\"#F2F2F3\">...</svg> is not clickable at point (906, 191). Other element would receive the click: <div class=\"Modal_modal_overlay__x2ZCr\"></div>\n  (Session info: chrome=123.0.6312.123)\nStacktrace:\n0   chromedriver                        0x0000000100df04a4 chromedriver + 4326564\n1   chromedriver                        0x0000000100de896c chromedriver + 4295020\n2   chromedriver                        0x0000000100a14088 chromedriver + 278664\n3   chromedriver                        0x0000000100a5c554 chromedriver + 574804\n4   chromedriver                        0x0000000100a5aad8 chromedriver + 568024\n5   chromedriver                        0x0000000100a58c58 chromedriver + 560216\n6   chromedriver                        0x0000000100a58188 chromedriver + 557448\n7   chromedriver                        0x0000000100a4d3ac chromedriver + 512940\n8   chromedriver                        0x0000000100a4cdd0 chromedriver + 511440\n9   chromedriver                        0x0000000100a8f4f8 chromedriver + 783608\n10  chromedriver                        0x0000000100a4b4e4 chromedriver + 505060\n11  chromedriver                        0x0000000100a4bf5c chromedriver + 507740\n12  chromedriver                        0x0000000100db3a40 chromedriver + 4078144\n13  chromedriver                        0x0000000100db87f8 chromedriver + 4098040\n14  chromedriver                        0x0000000100d9a5e4 chromedriver + 3974628\n15  chromedriver                        0x0000000100db9110 chromedriver + 4100368\n16  chromedriver                        0x0000000100d8bbd4 chromedriver + 3914708\n17  chromedriver                        0x0000000100dd9718 chromedriver + 4232984\n18  chromedriver                        0x0000000100dd9894 chromedriver + 4233364\n19  chromedriver                        0x0000000100de85e0 chromedriver + 4294112\n20  libsystem_pthread.dylib             0x000000019947af94 _pthread_start + 136\n21  libsystem_pthread.dylib             0x0000000199475d34 thread_start + 8", "trace": "self = <tests.list_orders_tests.Tests object at 0x1030589b0>, browser = <selenium.webdriver.chrome.webdriver.WebDriver (session=\"ee4afdb488374221c810eff637d2706c\")>\n\n    @allure_decorator(\"Тест проверки изменения количества всех заказов\")\n    def test_count_all_orders_in_list_orders(self, browser):\n        page = ListOrdersMethods(browser)\n        page.open_page(MAIN_URL)\n        page.click_on_element_personal_cabinet()\n        email, password, name = OtherMethods.generation_data()\n        OtherMethods.create_user(AUTH_REGISTER_ENDPOINT, email, password, name)\n        page.send_text_auth_email(email)\n        page.send_text_auth_password(password)\n        page.click_on_element_input()\n        page.click_on_list_orders()\n        count = page.get_text_all_orders()\n        old_count = count + 1\n        page.click_on_constructor()\n        page.drag_and_drop_ingredient()\n        page.click_on_create_order()\n>       page.click_on_close_order()\n\ntests/list_orders_tests.py:56: \n_ _ _ _ _ _ _ _ _ _ _ _ _ _ _ _ _ _ _ _ _ _ _ _ _ _ _ _ _ _ _ _ _ _ _ _ _ _ _ _ _ _ _ _ _ _ _ _ _ _ _ _ _ _ _ _ _ _ _ _ _ _ _ _ _ _ _ _ _ _ _ _ _ _ _ _ _ _ _ _ _ _ _ _ _ _\nutils/allure_decorator.py:10: in wrapper\n    return func(*args, **kwargs)\nmethods/list_orders_methods.py:61: in click_on_close_order\n    self.click_on_element(element)\nmethods/base_app.py:27: in click_on_element\n    element.click()\n/Library/Frameworks/Python.framework/Versions/3.12/lib/python3.12/site-packages/selenium/webdriver/remote/webelement.py:93: in click\n    self._execute(Command.CLICK_ELEMENT)\n/Library/Frameworks/Python.framework/Versions/3.12/lib/python3.12/site-packages/selenium/webdriver/remote/webelement.py:394: in _execute\n    return self._parent.execute(command, params)\n/Library/Frameworks/Python.framework/Versions/3.12/lib/python3.12/site-packages/selenium/webdriver/remote/webdriver.py:347: in execute\n    self.error_handler.check_response(response)\n_ _ _ _ _ _ _ _ _ _ _ _ _ _ _ _ _ _ _ _ _ _ _ _ _ _ _ _ _ _ _ _ _ _ _ _ _ _ _ _ _ _ _ _ _ _ _ _ _ _ _ _ _ _ _ _ _ _ _ _ _ _ _ _ _ _ _ _ _ _ _ _ _ _ _ _ _ _ _ _ _ _ _ _ _ _\n\nself = <selenium.webdriver.remote.errorhandler.ErrorHandler object at 0x1030598b0>\nresponse = {'status': 400, 'value': '{\"value\":{\"error\":\"element click intercepted\",\"message\":\"element click intercepted: Element ...00019947af94 _pthread_start + 136\\\\n21  libsystem_pthread.dylib             0x0000000199475d34 thread_start + 8\\\\n\"}}'}\n\n    def check_response(self, response: Dict[str, Any]) -> None:\n        \"\"\"Checks that a JSON response from the WebDriver does not have an\n        error.\n    \n        :Args:\n         - response - The JSON response from the WebDriver server as a dictionary\n           object.\n    \n        :Raises: If the response contains an error message.\n        \"\"\"\n        status = response.get(\"status\", None)\n        if not status or status == ErrorCode.SUCCESS:\n            return\n        value = None\n        message = response.get(\"message\", \"\")\n        screen: str = response.get(\"screen\", \"\")\n        stacktrace = None\n        if isinstance(status, int):\n            value_json = response.get(\"value\", None)\n            if value_json and isinstance(value_json, str):\n                import json\n    \n                try:\n                    value = json.loads(value_json)\n                    if len(value) == 1:\n                        value = value[\"value\"]\n                    status = value.get(\"error\", None)\n                    if not status:\n                        status = value.get(\"status\", ErrorCode.UNKNOWN_ERROR)\n                        message = value.get(\"value\") or value.get(\"message\")\n                        if not isinstance(message, str):\n                            value = message\n                            message = message.get(\"message\")\n                    else:\n                        message = value.get(\"message\", None)\n                except ValueError:\n                    pass\n    \n        exception_class: Type[WebDriverException]\n        e = ErrorCode()\n        error_codes = [item for item in dir(e) if not item.startswith(\"__\")]\n        for error_code in error_codes:\n            error_info = getattr(ErrorCode, error_code)\n            if isinstance(error_info, list) and status in error_info:\n                exception_class = getattr(ExceptionMapping, error_code, WebDriverException)\n                break\n        else:\n            exception_class = WebDriverException\n    \n        if not value:\n            value = response[\"value\"]\n        if isinstance(value, str):\n            raise exception_class(value)\n        if message == \"\" and \"message\" in value:\n            message = value[\"message\"]\n    \n        screen = None  # type: ignore[assignment]\n        if \"screen\" in value:\n            screen = value[\"screen\"]\n    \n        stacktrace = None\n        st_value = value.get(\"stackTrace\") or value.get(\"stacktrace\")\n        if st_value:\n            if isinstance(st_value, str):\n                stacktrace = st_value.split(\"\\n\")\n            else:\n                stacktrace = []\n                try:\n                    for frame in st_value:\n                        line = frame.get(\"lineNumber\", \"\")\n                        file = frame.get(\"fileName\", \"<anonymous>\")\n                        if line:\n                            file = f\"{file}:{line}\"\n                        meth = frame.get(\"methodName\", \"<anonymous>\")\n                        if \"className\" in frame:\n                            meth = f\"{frame['className']}.{meth}\"\n                        msg = \"    at %s (%s)\"\n                        msg = msg % (meth, file)\n                        stacktrace.append(msg)\n                except TypeError:\n                    pass\n        if exception_class == UnexpectedAlertPresentException:\n            alert_text = None\n            if \"data\" in value:\n                alert_text = value[\"data\"].get(\"text\")\n            elif \"alert\" in value:\n                alert_text = value[\"alert\"].get(\"text\")\n            raise exception_class(message, screen, stacktrace, alert_text)  # type: ignore[call-arg]  # mypy is not smart enough here\n>       raise exception_class(message, screen, stacktrace)\nE       selenium.common.exceptions.ElementClickInterceptedException: Message: element click intercepted: Element <svg xmlns=\"http://www.w3.org/2000/svg\" width=\"24\" height=\"24\" viewBox=\"0 0 24 24\" fill=\"#F2F2F3\">...</svg> is not clickable at point (906, 191). Other element would receive the click: <div class=\"Modal_modal_overlay__x2ZCr\"></div>\nE         (Session info: chrome=123.0.6312.123)\nE       Stacktrace:\nE       0   chromedriver                        0x0000000100df04a4 chromedriver + 4326564\nE       1   chromedriver                        0x0000000100de896c chromedriver + 4295020\nE       2   chromedriver                        0x0000000100a14088 chromedriver + 278664\nE       3   chromedriver                        0x0000000100a5c554 chromedriver + 574804\nE       4   chromedriver                        0x0000000100a5aad8 chromedriver + 568024\nE       5   chromedriver                        0x0000000100a58c58 chromedriver + 560216\nE       6   chromedriver                        0x0000000100a58188 chromedriver + 557448\nE       7   chromedriver                        0x0000000100a4d3ac chromedriver + 512940\nE       8   chromedriver                        0x0000000100a4cdd0 chromedriver + 511440\nE       9   chromedriver                        0x0000000100a8f4f8 chromedriver + 783608\nE       10  chromedriver                        0x0000000100a4b4e4 chromedriver + 505060\nE       11  chromedriver                        0x0000000100a4bf5c chromedriver + 507740\nE       12  chromedriver                        0x0000000100db3a40 chromedriver + 4078144\nE       13  chromedriver                        0x0000000100db87f8 chromedriver + 4098040\nE       14  chromedriver                        0x0000000100d9a5e4 chromedriver + 3974628\nE       15  chromedriver                        0x0000000100db9110 chromedriver + 4100368\nE       16  chromedriver                        0x0000000100d8bbd4 chromedriver + 3914708\nE       17  chromedriver                        0x0000000100dd9718 chromedriver + 4232984\nE       18  chromedriver                        0x0000000100dd9894 chromedriver + 4233364\nE       19  chromedriver                        0x0000000100de85e0 chromedriver + 4294112\nE       20  libsystem_pthread.dylib             0x000000019947af94 _pthread_start + 136\nE       21  libsystem_pthread.dylib             0x0000000199475d34 thread_start + 8\n\n/Library/Frameworks/Python.framework/Versions/3.12/lib/python3.12/site-packages/selenium/webdriver/remote/errorhandler.py:229: ElementClickInterceptedException"}, "steps": [{"name": "Тест проверки изменения количества всех заказов", "status": "broken", "statusDetails": {"message": "selenium.common.exceptions.ElementClickInterceptedException: Message: element click intercepted: Element <svg xmlns=\"http://www.w3.org/2000/svg\" width=\"24\" height=\"24\" viewBox=\"0 0 24 24\" fill=\"#F2F2F3\">...</svg> is not clickable at point (906, 191). Other element would receive the click: <div class=\"Modal_modal_overlay__x2ZCr\"></div>\n  (Session info: chrome=123.0.6312.123)\nStacktrace:\n0   chromedriver                        0x0000000100df04a4 chromedriver + 4326564\n1   chromedriver                        0x0000000100de896c chromedriver + 4295020\n2   chromedriver                        0x0000000100a14088 chromedriver + 278664\n3   chromedriver                        0x0000000100a5c554 chromedriver + 574804\n4   chromedriver                        0x0000000100a5aad8 chromedriver + 568024\n5   chromedriver                        0x0000000100a58c58 chromedriver + 560216\n6   chromedriver                        0x0000000100a58188 chromedriver + 557448\n7   chromedriver                        0x0000000100a4d3ac chromedriver + 512940\n8   chromedriver                        0x0000000100a4cdd0 chromedriver + 511440\n9   chromedriver                        0x0000000100a8f4f8 chromedriver + 783608\n10  chromedriver                        0x0000000100a4b4e4 chromedriver + 505060\n11  chromedriver                        0x0000000100a4bf5c chromedriver + 507740\n12  chromedriver                        0x0000000100db3a40 chromedriver + 4078144\n13  chromedriver                        0x0000000100db87f8 chromedriver + 4098040\n14  chromedriver                        0x0000000100d9a5e4 chromedriver + 3974628\n15  chromedriver                        0x0000000100db9110 chromedriver + 4100368\n16  chromedriver                        0x0000000100d8bbd4 chromedriver + 3914708\n17  chromedriver                        0x0000000100dd9718 chromedriver + 4232984\n18  chromedriver                        0x0000000100dd9894 chromedriver + 4233364\n19  chromedriver                        0x0000000100de85e0 chromedriver + 4294112\n20  libsystem_pthread.dylib             0x000000019947af94 _pthread_start + 136\n21  libsystem_pthread.dylib             0x0000000199475d34 thread_start + 8\n\n", "trace": "  File \"/Users/busu/PycharmProjects/DiplomWeb/utils/allure_decorator.py\", line 10, in wrapper\n    return func(*args, **kwargs)\n           ^^^^^^^^^^^^^^^^^^^^^\n  File \"/Users/busu/PycharmProjects/DiplomWeb/tests/list_orders_tests.py\", line 56, in test_count_all_orders_in_list_orders\n    page.click_on_close_order()\n  File \"/Users/busu/PycharmProjects/DiplomWeb/utils/allure_decorator.py\", line 10, in wrapper\n    return func(*args, **kwargs)\n           ^^^^^^^^^^^^^^^^^^^^^\n  File \"/Users/busu/PycharmProjects/DiplomWeb/methods/list_orders_methods.py\", line 61, in click_on_close_order\n    self.click_on_element(element)\n  File \"/Users/busu/PycharmProjects/DiplomWeb/methods/base_app.py\", line 27, in click_on_element\n    element.click()\n  File \"/Library/Frameworks/Python.framework/Versions/3.12/lib/python3.12/site-packages/selenium/webdriver/remote/webelement.py\", line 93, in click\n    self._execute(Command.CLICK_ELEMENT)\n  File \"/Library/Frameworks/Python.framework/Versions/3.12/lib/python3.12/site-packages/selenium/webdriver/remote/webelement.py\", line 394, in _execute\n    return self._parent.execute(command, params)\n           ^^^^^^^^^^^^^^^^^^^^^^^^^^^^^^^^^^^^^\n  File \"/Library/Frameworks/Python.framework/Versions/3.12/lib/python3.12/site-packages/selenium/webdriver/remote/webdriver.py\", line 347, in execute\n    self.error_handler.check_response(response)\n  File \"/Library/Frameworks/Python.framework/Versions/3.12/lib/python3.12/site-packages/selenium/webdriver/remote/errorhandler.py\", line 229, in check_response\n    raise exception_class(message, screen, stacktrace)\n"}, "steps": [{"name": "Открываем страницу", "status": "passed", "start": 1713126819739, "stop": 1713126820679}, {"name": "Нажимаем на текст-кнопку личный кабинет", "status": "passed", "start": 1713126820680, "stop": 1713126820724}, {"name": "Метод по созданию пользователя", "status": "passed", "start": 1713126820724, "stop": 1713126820959}, {"name": "Ввод значения в поле ввода email на экране авторизации", "status": "passed", "start": 1713126820960, "stop": 1713126821043}, {"name": "Ввод значения в поле ввода password на экране авторизации", "status": "passed", "start": 1713126821043, "stop": 1713126821082}, {"name": "Нажатие на кнопку Войти", "status": "passed", "start": 1713126821082, "stop": 1713126821115}, {"name": "Нажатие на раздел лента заказов", "status": "passed", "start": 1713126821115, "stop": 1713126821549}, {"name": "Получение количества заказов за все время из ленты заказов", "status": "passed", "start": 1713126821549, "stop": 1713126821969}, {"name": "Нажатие на раздел конструктор", "status": "passed", "start": 1713126821969, "stop": 1713126822001}, {"name": "Перемещение булки в конструктор", "status": "passed", "start": 1713126822001, "stop": 1713126822558}, {"name": "Нажатие на кнопку оформить заказ", "status": "passed", "start": 1713126822558, "stop": 1713126822593}, {"name": "Нажатие на кнопку закрыть", "status": "broken", "statusDetails": {"message": "selenium.common.exceptions.ElementClickInterceptedException: Message: element click intercepted: Element <svg xmlns=\"http://www.w3.org/2000/svg\" width=\"24\" height=\"24\" viewBox=\"0 0 24 24\" fill=\"#F2F2F3\">...</svg> is not clickable at point (906, 191). Other element would receive the click: <div class=\"Modal_modal_overlay__x2ZCr\"></div>\n  (Session info: chrome=123.0.6312.123)\nStacktrace:\n0   chromedriver                        0x0000000100df04a4 chromedriver + 4326564\n1   chromedriver                        0x0000000100de896c chromedriver + 4295020\n2   chromedriver                        0x0000000100a14088 chromedriver + 278664\n3   chromedriver                        0x0000000100a5c554 chromedriver + 574804\n4   chromedriver                        0x0000000100a5aad8 chromedriver + 568024\n5   chromedriver                        0x0000000100a58c58 chromedriver + 560216\n6   chromedriver                        0x0000000100a58188 chromedriver + 557448\n7   chromedriver                        0x0000000100a4d3ac chromedriver + 512940\n8   chromedriver                        0x0000000100a4cdd0 chromedriver + 511440\n9   chromedriver                        0x0000000100a8f4f8 chromedriver + 783608\n10  chromedriver                        0x0000000100a4b4e4 chromedriver + 505060\n11  chromedriver                        0x0000000100a4bf5c chromedriver + 507740\n12  chromedriver                        0x0000000100db3a40 chromedriver + 4078144\n13  chromedriver                        0x0000000100db87f8 chromedriver + 4098040\n14  chromedriver                        0x0000000100d9a5e4 chromedriver + 3974628\n15  chromedriver                        0x0000000100db9110 chromedriver + 4100368\n16  chromedriver                        0x0000000100d8bbd4 chromedriver + 3914708\n17  chromedriver                        0x0000000100dd9718 chromedriver + 4232984\n18  chromedriver                        0x0000000100dd9894 chromedriver + 4233364\n19  chromedriver                        0x0000000100de85e0 chromedriver + 4294112\n20  libsystem_pthread.dylib             0x000000019947af94 _pthread_start + 136\n21  libsystem_pthread.dylib             0x0000000199475d34 thread_start + 8\n\n", "trace": "  File \"/Users/busu/PycharmProjects/DiplomWeb/utils/allure_decorator.py\", line 10, in wrapper\n    return func(*args, **kwargs)\n           ^^^^^^^^^^^^^^^^^^^^^\n  File \"/Users/busu/PycharmProjects/DiplomWeb/methods/list_orders_methods.py\", line 61, in click_on_close_order\n    self.click_on_element(element)\n  File \"/Users/busu/PycharmProjects/DiplomWeb/methods/base_app.py\", line 27, in click_on_element\n    element.click()\n  File \"/Library/Frameworks/Python.framework/Versions/3.12/lib/python3.12/site-packages/selenium/webdriver/remote/webelement.py\", line 93, in click\n    self._execute(Command.CLICK_ELEMENT)\n  File \"/Library/Frameworks/Python.framework/Versions/3.12/lib/python3.12/site-packages/selenium/webdriver/remote/webelement.py\", line 394, in _execute\n    return self._parent.execute(command, params)\n           ^^^^^^^^^^^^^^^^^^^^^^^^^^^^^^^^^^^^^\n  File \"/Library/Frameworks/Python.framework/Versions/3.12/lib/python3.12/site-packages/selenium/webdriver/remote/webdriver.py\", line 347, in execute\n    self.error_handler.check_response(response)\n  File \"/Library/Frameworks/Python.framework/Versions/3.12/lib/python3.12/site-packages/selenium/webdriver/remote/errorhandler.py\", line 229, in check_response\n    raise exception_class(message, screen, stacktrace)\n"}, "start": 1713126822593, "stop": 1713126824177}], "start": 1713126819739, "stop": 1713126824181}], "start": 1713126819739, "stop": 1713126824182, "uuid": "99335ed8-3691-44aa-a95a-60e12579e945", "historyId": "1a1b5b43d751cc4d38bc50c8572a7a07", "testCaseId": "1a1b5b43d751cc4d38bc50c8572a7a07", "fullName": "tests.list_orders_tests.Tests#test_count_all_orders_in_list_orders", "labels": [{"name": "parentSuite", "value": "tests"}, {"name": "suite", "value": "list_orders_tests"}, {"name": "subSuite", "value": "Tests"}, {"name": "host", "value": "Busu.local"}, {"name": "thread", "value": "31070-MainThread"}, {"name": "framework", "value": "pytest"}, {"name": "language", "value": "cpython3"}, {"name": "package", "value": "tests.list_orders_tests"}]}